

Microchip MPLAB XC8 Assembler V2.05 build -831301201 
                                                                                               Tue Feb 19 20:43:31 2019

Microchip MPLAB XC8 C Compiler v2.05 (Free license) build 20181220022703 Og1 
     1                           	processor	16LF1508
     2                           	opt	pw 120
     3                           	opt	flic
     4                           	psect	stringtext1,global,class=STRCODE,delta=2
     5                           	psect	cinit,global,class=CODE,merge=1,delta=2
     6                           	psect	cstackCOMMON,global,class=COMMON,space=1,delta=1
     7                           	psect	maintext,global,class=CODE,merge=1,split=1,delta=2
     8                           	psect	text1,local,class=CODE,merge=1,delta=2
     9                           	psect	text2,local,class=CODE,merge=1,delta=2
    10                           	psect	text3,local,class=CODE,merge=1,delta=2
    11                           	psect	text4,local,class=CODE,merge=1,delta=2
    12                           	psect	text5,local,class=CODE,merge=1,delta=2
    13                           	psect	text6,local,class=CODE,merge=1,delta=2
    14                           	dabs	1,0x7E,2
    15  0000                     
    16                           ; Version 2.05
    17                           ; Generated 20/12/2018 GMT
    18                           ; 
    19                           ; Copyright © 2018, Microchip Technology Inc. and its subsidiaries ("Microchip")
    20                           ; All rights reserved.
    21                           ; 
    22                           ; This software is developed by Microchip Technology Inc. and its subsidiaries ("Microch
      +                          ip").
    23                           ; 
    24                           ; Redistribution and use in source and binary forms, with or without modification, are
    25                           ; permitted provided that the following conditions are met:
    26                           ; 
    27                           ;     1. Redistributions of source code must retain the above copyright notice, this lis
      +                          t of
    28                           ;        conditions and the following disclaimer.
    29                           ; 
    30                           ;     2. Redistributions in binary form must reproduce the above copyright notice, this 
      +                          list
    31                           ;        of conditions and the following disclaimer in the documentation and/or other
    32                           ;        materials provided with the distribution.
    33                           ; 
    34                           ;     3. Microchip's name may not be used to endorse or promote products derived from th
      +                          is
    35                           ;        software without specific prior written permission.
    36                           ; 
    37                           ; THIS SOFTWARE IS PROVIDED BY MICROCHIP "AS IS" AND ANY EXPRESS OR IMPLIED WARRANTIES,
    38                           ; INCLUDING, BUT NOT LIMITED TO, THE IMPLIED WARRANTIES OF MERCHANTABILITY AND FITNESS F
      +                          OR
    39                           ; PURPOSE ARE DISCLAIMED.  IN NO EVENT SHALL MICROCHIP BE LIABLE FOR ANY DIRECT, INDIREC
      +                          T,
    40                           ; INCIDENTAL, SPECIAL, EXEMPLARY, OR CONSEQUENTIAL DAMAGES (INCLUDING BUT NOT LIMITED TO
    41                           ; PROCUREMENT OF SUBSTITUTE GOODS OR SERVICES; LOSS OF USE, DATA OR PROFITS; OR BUSINESS
    42                           ; INTERRUPTION) HOWSOEVER CAUSED AND ON ANY THEORY OF LIABILITY, WHETHER IN CONTRACT, ST
      +                          RICT
    43                           ; LIABILITY, OR TORT (INCLUDING NEGLIGENCE OR OTHERWISE) ARISING IN ANY WAY OUT OF THE U
      +                          SE OF
    44                           ; THIS SOFTWARE, EVEN IF ADVISED OF THE POSSIBILITY OF SUCH DAMAGE.
    45                           ; 
    46                           ; 
    47                           ; Code-generator required, PIC16LF1508 Definitions
    48                           ; 
    49                           ; SFR Addresses
    50  0000                     	;# 
    51  0001                     	;# 
    52  0002                     	;# 
    53  0003                     	;# 
    54  0004                     	;# 
    55  0005                     	;# 
    56  0006                     	;# 
    57  0007                     	;# 
    58  0008                     	;# 
    59  0009                     	;# 
    60  000A                     	;# 
    61  000B                     	;# 
    62  000C                     	;# 
    63  000D                     	;# 
    64  000E                     	;# 
    65  0011                     	;# 
    66  0012                     	;# 
    67  0013                     	;# 
    68  0015                     	;# 
    69  0016                     	;# 
    70  0016                     	;# 
    71  0017                     	;# 
    72  0018                     	;# 
    73  0019                     	;# 
    74  001A                     	;# 
    75  001B                     	;# 
    76  001C                     	;# 
    77  008C                     	;# 
    78  008D                     	;# 
    79  008E                     	;# 
    80  0091                     	;# 
    81  0092                     	;# 
    82  0093                     	;# 
    83  0095                     	;# 
    84  0096                     	;# 
    85  0097                     	;# 
    86  0099                     	;# 
    87  009A                     	;# 
    88  009B                     	;# 
    89  009B                     	;# 
    90  009C                     	;# 
    91  009D                     	;# 
    92  009E                     	;# 
    93  009F                     	;# 
    94  010C                     	;# 
    95  010D                     	;# 
    96  010E                     	;# 
    97  0111                     	;# 
    98  0112                     	;# 
    99  0113                     	;# 
   100  0114                     	;# 
   101  0115                     	;# 
   102  0116                     	;# 
   103  0117                     	;# 
   104  0118                     	;# 
   105  0119                     	;# 
   106  011D                     	;# 
   107  018C                     	;# 
   108  018D                     	;# 
   109  018E                     	;# 
   110  0191                     	;# 
   111  0191                     	;# 
   112  0192                     	;# 
   113  0193                     	;# 
   114  0193                     	;# 
   115  0194                     	;# 
   116  0195                     	;# 
   117  0196                     	;# 
   118  0199                     	;# 
   119  019A                     	;# 
   120  019B                     	;# 
   121  019B                     	;# 
   122  019C                     	;# 
   123  019D                     	;# 
   124  019E                     	;# 
   125  019F                     	;# 
   126  020C                     	;# 
   127  020D                     	;# 
   128  0211                     	;# 
   129  0211                     	;# 
   130  0212                     	;# 
   131  0212                     	;# 
   132  0213                     	;# 
   133  0213                     	;# 
   134  0214                     	;# 
   135  0214                     	;# 
   136  0215                     	;# 
   137  0215                     	;# 
   138  0215                     	;# 
   139  0216                     	;# 
   140  0216                     	;# 
   141  0217                     	;# 
   142  0217                     	;# 
   143  0391                     	;# 
   144  0392                     	;# 
   145  0393                     	;# 
   146  0394                     	;# 
   147  0395                     	;# 
   148  0396                     	;# 
   149  0498                     	;# 
   150  0498                     	;# 
   151  0499                     	;# 
   152  049A                     	;# 
   153  049B                     	;# 
   154  049B                     	;# 
   155  049C                     	;# 
   156  049D                     	;# 
   157  049E                     	;# 
   158  049F                     	;# 
   159  0611                     	;# 
   160  0612                     	;# 
   161  0613                     	;# 
   162  0613                     	;# 
   163  0614                     	;# 
   164  0615                     	;# 
   165  0616                     	;# 
   166  0616                     	;# 
   167  0617                     	;# 
   168  0618                     	;# 
   169  0619                     	;# 
   170  0619                     	;# 
   171  061A                     	;# 
   172  061B                     	;# 
   173  061C                     	;# 
   174  061C                     	;# 
   175  0691                     	;# 
   176  0692                     	;# 
   177  0693                     	;# 
   178  0694                     	;# 
   179  0695                     	;# 
   180  0F0F                     	;# 
   181  0F10                     	;# 
   182  0F11                     	;# 
   183  0F12                     	;# 
   184  0F13                     	;# 
   185  0F14                     	;# 
   186  0F15                     	;# 
   187  0F16                     	;# 
   188  0F17                     	;# 
   189  0F18                     	;# 
   190  0F19                     	;# 
   191  0F1A                     	;# 
   192  0F1B                     	;# 
   193  0F1C                     	;# 
   194  0F1D                     	;# 
   195  0F1E                     	;# 
   196  0F1F                     	;# 
   197  0F20                     	;# 
   198  0F21                     	;# 
   199  0F22                     	;# 
   200  0F23                     	;# 
   201  0F24                     	;# 
   202  0F25                     	;# 
   203  0F26                     	;# 
   204  0F27                     	;# 
   205  0F28                     	;# 
   206  0F29                     	;# 
   207  0F2A                     	;# 
   208  0F2B                     	;# 
   209  0F2C                     	;# 
   210  0F2D                     	;# 
   211  0F2E                     	;# 
   212  0F2F                     	;# 
   213  0F8C                     	;# 
   214  0F8D                     	;# 
   215  0F91                     	;# 
   216  0F95                     	;# 
   217  0F96                     	;# 
   218  0F97                     	;# 
   219  0F9C                     	;# 
   220  0F9D                     	;# 
   221  0F9E                     	;# 
   222  0FE3                     	;# 
   223  0FE4                     	;# 
   224  0FE5                     	;# 
   225  0FE6                     	;# 
   226  0FE7                     	;# 
   227  0FE8                     	;# 
   228  0FE9                     	;# 
   229  0FEA                     	;# 
   230  0FEB                     	;# 
   231  0FED                     	;# 
   232  0FEE                     	;# 
   233  0FEF                     	;# 
   234  0000                     	;# 
   235  0001                     	;# 
   236  0002                     	;# 
   237  0003                     	;# 
   238  0004                     	;# 
   239  0005                     	;# 
   240  0006                     	;# 
   241  0007                     	;# 
   242  0008                     	;# 
   243  0009                     	;# 
   244  000A                     	;# 
   245  000B                     	;# 
   246  000C                     	;# 
   247  000D                     	;# 
   248  000E                     	;# 
   249  0011                     	;# 
   250  0012                     	;# 
   251  0013                     	;# 
   252  0015                     	;# 
   253  0016                     	;# 
   254  0016                     	;# 
   255  0017                     	;# 
   256  0018                     	;# 
   257  0019                     	;# 
   258  001A                     	;# 
   259  001B                     	;# 
   260  001C                     	;# 
   261  008C                     	;# 
   262  008D                     	;# 
   263  008E                     	;# 
   264  0091                     	;# 
   265  0092                     	;# 
   266  0093                     	;# 
   267  0095                     	;# 
   268  0096                     	;# 
   269  0097                     	;# 
   270  0099                     	;# 
   271  009A                     	;# 
   272  009B                     	;# 
   273  009B                     	;# 
   274  009C                     	;# 
   275  009D                     	;# 
   276  009E                     	;# 
   277  009F                     	;# 
   278  010C                     	;# 
   279  010D                     	;# 
   280  010E                     	;# 
   281  0111                     	;# 
   282  0112                     	;# 
   283  0113                     	;# 
   284  0114                     	;# 
   285  0115                     	;# 
   286  0116                     	;# 
   287  0117                     	;# 
   288  0118                     	;# 
   289  0119                     	;# 
   290  011D                     	;# 
   291  018C                     	;# 
   292  018D                     	;# 
   293  018E                     	;# 
   294  0191                     	;# 
   295  0191                     	;# 
   296  0192                     	;# 
   297  0193                     	;# 
   298  0193                     	;# 
   299  0194                     	;# 
   300  0195                     	;# 
   301  0196                     	;# 
   302  0199                     	;# 
   303  019A                     	;# 
   304  019B                     	;# 
   305  019B                     	;# 
   306  019C                     	;# 
   307  019D                     	;# 
   308  019E                     	;# 
   309  019F                     	;# 
   310  020C                     	;# 
   311  020D                     	;# 
   312  0211                     	;# 
   313  0211                     	;# 
   314  0212                     	;# 
   315  0212                     	;# 
   316  0213                     	;# 
   317  0213                     	;# 
   318  0214                     	;# 
   319  0214                     	;# 
   320  0215                     	;# 
   321  0215                     	;# 
   322  0215                     	;# 
   323  0216                     	;# 
   324  0216                     	;# 
   325  0217                     	;# 
   326  0217                     	;# 
   327  0391                     	;# 
   328  0392                     	;# 
   329  0393                     	;# 
   330  0394                     	;# 
   331  0395                     	;# 
   332  0396                     	;# 
   333  0498                     	;# 
   334  0498                     	;# 
   335  0499                     	;# 
   336  049A                     	;# 
   337  049B                     	;# 
   338  049B                     	;# 
   339  049C                     	;# 
   340  049D                     	;# 
   341  049E                     	;# 
   342  049F                     	;# 
   343  0611                     	;# 
   344  0612                     	;# 
   345  0613                     	;# 
   346  0613                     	;# 
   347  0614                     	;# 
   348  0615                     	;# 
   349  0616                     	;# 
   350  0616                     	;# 
   351  0617                     	;# 
   352  0618                     	;# 
   353  0619                     	;# 
   354  0619                     	;# 
   355  061A                     	;# 
   356  061B                     	;# 
   357  061C                     	;# 
   358  061C                     	;# 
   359  0691                     	;# 
   360  0692                     	;# 
   361  0693                     	;# 
   362  0694                     	;# 
   363  0695                     	;# 
   364  0F0F                     	;# 
   365  0F10                     	;# 
   366  0F11                     	;# 
   367  0F12                     	;# 
   368  0F13                     	;# 
   369  0F14                     	;# 
   370  0F15                     	;# 
   371  0F16                     	;# 
   372  0F17                     	;# 
   373  0F18                     	;# 
   374  0F19                     	;# 
   375  0F1A                     	;# 
   376  0F1B                     	;# 
   377  0F1C                     	;# 
   378  0F1D                     	;# 
   379  0F1E                     	;# 
   380  0F1F                     	;# 
   381  0F20                     	;# 
   382  0F21                     	;# 
   383  0F22                     	;# 
   384  0F23                     	;# 
   385  0F24                     	;# 
   386  0F25                     	;# 
   387  0F26                     	;# 
   388  0F27                     	;# 
   389  0F28                     	;# 
   390  0F29                     	;# 
   391  0F2A                     	;# 
   392  0F2B                     	;# 
   393  0F2C                     	;# 
   394  0F2D                     	;# 
   395  0F2E                     	;# 
   396  0F2F                     	;# 
   397  0F8C                     	;# 
   398  0F8D                     	;# 
   399  0F91                     	;# 
   400  0F95                     	;# 
   401  0F96                     	;# 
   402  0F97                     	;# 
   403  0F9C                     	;# 
   404  0F9D                     	;# 
   405  0F9E                     	;# 
   406  0FE3                     	;# 
   407  0FE4                     	;# 
   408  0FE5                     	;# 
   409  0FE6                     	;# 
   410  0FE7                     	;# 
   411  0FE8                     	;# 
   412  0FE9                     	;# 
   413  0FEA                     	;# 
   414  0FEB                     	;# 
   415  0FED                     	;# 
   416  0FEE                     	;# 
   417  0FEF                     	;# 
   418                           
   419                           	psect	stringtext1
   420  0800                     __pstringtext1:	
   421  0800                     _font:	
   422  0800  3400               	retlw	0
   423  0801  3400               	retlw	0
   424  0802  3400               	retlw	0
   425  0803  3400               	retlw	0
   426  0804  3400               	retlw	0
   427  0805  3400               	retlw	0
   428  0806  3400               	retlw	0
   429  0807  345F               	retlw	95
   430  0808  3400               	retlw	0
   431  0809  3400               	retlw	0
   432  080A  3400               	retlw	0
   433  080B  3407               	retlw	7
   434  080C  3400               	retlw	0
   435  080D  3407               	retlw	7
   436  080E  3400               	retlw	0
   437  080F  3414               	retlw	20
   438  0810  347F               	retlw	127
   439  0811  3414               	retlw	20
   440  0812  347F               	retlw	127
   441  0813  3414               	retlw	20
   442  0814  3424               	retlw	36
   443  0815  342A               	retlw	42
   444  0816  347F               	retlw	127
   445  0817  342A               	retlw	42
   446  0818  3412               	retlw	18
   447  0819  3423               	retlw	35
   448  081A  3413               	retlw	19
   449  081B  3408               	retlw	8
   450  081C  3464               	retlw	100
   451  081D  3462               	retlw	98
   452  081E  3436               	retlw	54
   453  081F  3449               	retlw	73
   454  0820  3455               	retlw	85
   455  0821  3422               	retlw	34
   456  0822  3450               	retlw	80
   457  0823  3400               	retlw	0
   458  0824  3405               	retlw	5
   459  0825  3403               	retlw	3
   460  0826  3400               	retlw	0
   461  0827  3400               	retlw	0
   462  0828  3400               	retlw	0
   463  0829  341C               	retlw	28
   464  082A  3422               	retlw	34
   465  082B  3441               	retlw	65
   466  082C  3400               	retlw	0
   467  082D  3400               	retlw	0
   468  082E  3441               	retlw	65
   469  082F  3422               	retlw	34
   470  0830  341C               	retlw	28
   471  0831  3400               	retlw	0
   472  0832  3414               	retlw	20
   473  0833  3408               	retlw	8
   474  0834  343E               	retlw	62
   475  0835  3408               	retlw	8
   476  0836  3414               	retlw	20
   477  0837  3408               	retlw	8
   478  0838  3408               	retlw	8
   479  0839  343E               	retlw	62
   480  083A  3408               	retlw	8
   481  083B  3408               	retlw	8
   482  083C  3400               	retlw	0
   483  083D  3450               	retlw	80
   484  083E  3430               	retlw	48
   485  083F  3400               	retlw	0
   486  0840  3400               	retlw	0
   487  0841  3408               	retlw	8
   488  0842  3408               	retlw	8
   489  0843  3408               	retlw	8
   490  0844  3408               	retlw	8
   491  0845  3408               	retlw	8
   492  0846  3400               	retlw	0
   493  0847  3460               	retlw	96
   494  0848  3460               	retlw	96
   495  0849  3400               	retlw	0
   496  084A  3400               	retlw	0
   497  084B  3420               	retlw	32
   498  084C  3410               	retlw	16
   499  084D  3408               	retlw	8
   500  084E  3404               	retlw	4
   501  084F  3402               	retlw	2
   502  0850  343E               	retlw	62
   503  0851  3451               	retlw	81
   504  0852  3449               	retlw	73
   505  0853  3445               	retlw	69
   506  0854  343E               	retlw	62
   507  0855  3400               	retlw	0
   508  0856  3442               	retlw	66
   509  0857  347F               	retlw	127
   510  0858  3440               	retlw	64
   511  0859  3400               	retlw	0
   512  085A  3442               	retlw	66
   513  085B  3461               	retlw	97
   514  085C  3451               	retlw	81
   515  085D  3449               	retlw	73
   516  085E  3446               	retlw	70
   517  085F  3421               	retlw	33
   518  0860  3441               	retlw	65
   519  0861  3445               	retlw	69
   520  0862  344B               	retlw	75
   521  0863  3431               	retlw	49
   522  0864  3418               	retlw	24
   523  0865  3414               	retlw	20
   524  0866  3412               	retlw	18
   525  0867  347F               	retlw	127
   526  0868  3410               	retlw	16
   527  0869  3427               	retlw	39
   528  086A  3445               	retlw	69
   529  086B  3445               	retlw	69
   530  086C  3445               	retlw	69
   531  086D  3439               	retlw	57
   532  086E  343C               	retlw	60
   533  086F  344A               	retlw	74
   534  0870  3449               	retlw	73
   535  0871  3449               	retlw	73
   536  0872  3430               	retlw	48
   537  0873  3401               	retlw	1
   538  0874  3471               	retlw	113
   539  0875  3409               	retlw	9
   540  0876  3405               	retlw	5
   541  0877  3403               	retlw	3
   542  0878  3436               	retlw	54
   543  0879  3449               	retlw	73
   544  087A  3449               	retlw	73
   545  087B  3449               	retlw	73
   546  087C  3436               	retlw	54
   547  087D  3406               	retlw	6
   548  087E  3449               	retlw	73
   549  087F  3449               	retlw	73
   550  0880  3429               	retlw	41
   551  0881  341E               	retlw	30
   552  0882  3400               	retlw	0
   553  0883  3436               	retlw	54
   554  0884  3436               	retlw	54
   555  0885  3400               	retlw	0
   556  0886  3400               	retlw	0
   557  0887  3400               	retlw	0
   558  0888  3456               	retlw	86
   559  0889  3436               	retlw	54
   560  088A  3400               	retlw	0
   561  088B  3400               	retlw	0
   562  088C  3408               	retlw	8
   563  088D  3414               	retlw	20
   564  088E  3422               	retlw	34
   565  088F  3441               	retlw	65
   566  0890  3400               	retlw	0
   567  0891  3414               	retlw	20
   568  0892  3414               	retlw	20
   569  0893  3414               	retlw	20
   570  0894  3414               	retlw	20
   571  0895  3414               	retlw	20
   572  0896  3400               	retlw	0
   573  0897  3441               	retlw	65
   574  0898  3422               	retlw	34
   575  0899  3414               	retlw	20
   576  089A  3408               	retlw	8
   577  089B  3402               	retlw	2
   578  089C  3401               	retlw	1
   579  089D  3451               	retlw	81
   580  089E  3409               	retlw	9
   581  089F  3406               	retlw	6
   582  08A0  3432               	retlw	50
   583  08A1  3449               	retlw	73
   584  08A2  3479               	retlw	121
   585  08A3  3441               	retlw	65
   586  08A4  343E               	retlw	62
   587  08A5  347E               	retlw	126
   588  08A6  3411               	retlw	17
   589  08A7  3411               	retlw	17
   590  08A8  3411               	retlw	17
   591  08A9  347E               	retlw	126
   592  08AA  347F               	retlw	127
   593  08AB  3449               	retlw	73
   594  08AC  3449               	retlw	73
   595  08AD  3449               	retlw	73
   596  08AE  3436               	retlw	54
   597  08AF  343E               	retlw	62
   598  08B0  3441               	retlw	65
   599  08B1  3441               	retlw	65
   600  08B2  3441               	retlw	65
   601  08B3  3422               	retlw	34
   602  08B4  347F               	retlw	127
   603  08B5  3441               	retlw	65
   604  08B6  3441               	retlw	65
   605  08B7  3422               	retlw	34
   606  08B8  341C               	retlw	28
   607  08B9  347F               	retlw	127
   608  08BA  3449               	retlw	73
   609  08BB  3449               	retlw	73
   610  08BC  3449               	retlw	73
   611  08BD  3441               	retlw	65
   612  08BE  347F               	retlw	127
   613  08BF  3409               	retlw	9
   614  08C0  3409               	retlw	9
   615  08C1  3409               	retlw	9
   616  08C2  3401               	retlw	1
   617  08C3  343E               	retlw	62
   618  08C4  3441               	retlw	65
   619  08C5  3449               	retlw	73
   620  08C6  3449               	retlw	73
   621  08C7  347A               	retlw	122
   622  08C8  347F               	retlw	127
   623  08C9  3408               	retlw	8
   624  08CA  3408               	retlw	8
   625  08CB  3408               	retlw	8
   626  08CC  347F               	retlw	127
   627  08CD  3400               	retlw	0
   628  08CE  3441               	retlw	65
   629  08CF  347F               	retlw	127
   630  08D0  3441               	retlw	65
   631  08D1  3400               	retlw	0
   632  08D2  3420               	retlw	32
   633  08D3  3440               	retlw	64
   634  08D4  3441               	retlw	65
   635  08D5  343F               	retlw	63
   636  08D6  3401               	retlw	1
   637  08D7  347F               	retlw	127
   638  08D8  3408               	retlw	8
   639  08D9  3414               	retlw	20
   640  08DA  3422               	retlw	34
   641  08DB  3441               	retlw	65
   642  08DC  347F               	retlw	127
   643  08DD  3440               	retlw	64
   644  08DE  3440               	retlw	64
   645  08DF  3440               	retlw	64
   646  08E0  3440               	retlw	64
   647  08E1  347F               	retlw	127
   648  08E2  3402               	retlw	2
   649  08E3  340C               	retlw	12
   650  08E4  3402               	retlw	2
   651  08E5  347F               	retlw	127
   652  08E6  347F               	retlw	127
   653  08E7  3404               	retlw	4
   654  08E8  3408               	retlw	8
   655  08E9  3410               	retlw	16
   656  08EA  347F               	retlw	127
   657  08EB  343E               	retlw	62
   658  08EC  3441               	retlw	65
   659  08ED  3441               	retlw	65
   660  08EE  3441               	retlw	65
   661  08EF  343E               	retlw	62
   662  08F0  347F               	retlw	127
   663  08F1  3409               	retlw	9
   664  08F2  3409               	retlw	9
   665  08F3  3409               	retlw	9
   666  08F4  3406               	retlw	6
   667  08F5  343E               	retlw	62
   668  08F6  3441               	retlw	65
   669  08F7  3451               	retlw	81
   670  08F8  3421               	retlw	33
   671  08F9  345E               	retlw	94
   672  08FA  347F               	retlw	127
   673  08FB  3409               	retlw	9
   674  08FC  3419               	retlw	25
   675  08FD  3429               	retlw	41
   676  08FE  3446               	retlw	70
   677  08FF  3446               	retlw	70
   678  0900  3449               	retlw	73
   679  0901  3449               	retlw	73
   680  0902  3449               	retlw	73
   681  0903  3431               	retlw	49
   682  0904  3401               	retlw	1
   683  0905  3401               	retlw	1
   684  0906  347F               	retlw	127
   685  0907  3401               	retlw	1
   686  0908  3401               	retlw	1
   687  0909  343F               	retlw	63
   688  090A  3440               	retlw	64
   689  090B  3440               	retlw	64
   690  090C  3440               	retlw	64
   691  090D  343F               	retlw	63
   692  090E  341F               	retlw	31
   693  090F  3420               	retlw	32
   694  0910  3440               	retlw	64
   695  0911  3420               	retlw	32
   696  0912  341F               	retlw	31
   697  0913  343F               	retlw	63
   698  0914  3440               	retlw	64
   699  0915  3438               	retlw	56
   700  0916  3440               	retlw	64
   701  0917  343F               	retlw	63
   702  0918  3463               	retlw	99
   703  0919  3414               	retlw	20
   704  091A  3408               	retlw	8
   705  091B  3414               	retlw	20
   706  091C  3463               	retlw	99
   707  091D  3407               	retlw	7
   708  091E  3408               	retlw	8
   709  091F  3470               	retlw	112
   710  0920  3408               	retlw	8
   711  0921  3407               	retlw	7
   712  0922  3461               	retlw	97
   713  0923  3451               	retlw	81
   714  0924  3449               	retlw	73
   715  0925  3445               	retlw	69
   716  0926  3443               	retlw	67
   717  0927  3400               	retlw	0
   718  0928  347F               	retlw	127
   719  0929  3441               	retlw	65
   720  092A  3441               	retlw	65
   721  092B  3400               	retlw	0
   722  092C  3402               	retlw	2
   723  092D  3404               	retlw	4
   724  092E  3408               	retlw	8
   725  092F  3410               	retlw	16
   726  0930  3420               	retlw	32
   727  0931  3400               	retlw	0
   728  0932  3441               	retlw	65
   729  0933  3441               	retlw	65
   730  0934  347F               	retlw	127
   731  0935  3400               	retlw	0
   732  0936  3404               	retlw	4
   733  0937  3402               	retlw	2
   734  0938  3401               	retlw	1
   735  0939  3402               	retlw	2
   736  093A  3404               	retlw	4
   737  093B  3440               	retlw	64
   738  093C  3440               	retlw	64
   739  093D  3440               	retlw	64
   740  093E  3440               	retlw	64
   741  093F  3440               	retlw	64
   742  0940  3400               	retlw	0
   743  0941  3401               	retlw	1
   744  0942  3402               	retlw	2
   745  0943  3404               	retlw	4
   746  0944  3400               	retlw	0
   747  0945  3420               	retlw	32
   748  0946  3454               	retlw	84
   749  0947  3454               	retlw	84
   750  0948  3454               	retlw	84
   751  0949  3478               	retlw	120
   752  094A  347F               	retlw	127
   753  094B  3448               	retlw	72
   754  094C  3444               	retlw	68
   755  094D  3444               	retlw	68
   756  094E  3438               	retlw	56
   757  094F  3438               	retlw	56
   758  0950  3444               	retlw	68
   759  0951  3444               	retlw	68
   760  0952  3444               	retlw	68
   761  0953  3420               	retlw	32
   762  0954  3438               	retlw	56
   763  0955  3444               	retlw	68
   764  0956  3444               	retlw	68
   765  0957  3448               	retlw	72
   766  0958  347F               	retlw	127
   767  0959  3438               	retlw	56
   768  095A  3454               	retlw	84
   769  095B  3454               	retlw	84
   770  095C  3454               	retlw	84
   771  095D  3418               	retlw	24
   772  095E  3408               	retlw	8
   773  095F  347E               	retlw	126
   774  0960  3409               	retlw	9
   775  0961  3401               	retlw	1
   776  0962  3402               	retlw	2
   777  0963  340C               	retlw	12
   778  0964  3452               	retlw	82
   779  0965  3452               	retlw	82
   780  0966  3452               	retlw	82
   781  0967  343E               	retlw	62
   782  0968  347F               	retlw	127
   783  0969  3408               	retlw	8
   784  096A  3404               	retlw	4
   785  096B  3404               	retlw	4
   786  096C  3478               	retlw	120
   787  096D  3400               	retlw	0
   788  096E  3444               	retlw	68
   789  096F  347D               	retlw	125
   790  0970  3440               	retlw	64
   791  0971  3400               	retlw	0
   792  0972  3420               	retlw	32
   793  0973  3440               	retlw	64
   794  0974  3444               	retlw	68
   795  0975  343D               	retlw	61
   796  0976  3400               	retlw	0
   797  0977  347F               	retlw	127
   798  0978  3410               	retlw	16
   799  0979  3428               	retlw	40
   800  097A  3444               	retlw	68
   801  097B  3400               	retlw	0
   802  097C  3400               	retlw	0
   803  097D  3441               	retlw	65
   804  097E  347F               	retlw	127
   805  097F  3440               	retlw	64
   806  0980  3400               	retlw	0
   807  0981  347C               	retlw	124
   808  0982  3404               	retlw	4
   809  0983  3418               	retlw	24
   810  0984  3404               	retlw	4
   811  0985  3478               	retlw	120
   812  0986  347C               	retlw	124
   813  0987  3408               	retlw	8
   814  0988  3404               	retlw	4
   815  0989  3404               	retlw	4
   816  098A  3478               	retlw	120
   817  098B  3438               	retlw	56
   818  098C  3444               	retlw	68
   819  098D  3444               	retlw	68
   820  098E  3444               	retlw	68
   821  098F  3438               	retlw	56
   822  0990  347C               	retlw	124
   823  0991  3414               	retlw	20
   824  0992  3414               	retlw	20
   825  0993  3414               	retlw	20
   826  0994  3408               	retlw	8
   827  0995  3408               	retlw	8
   828  0996  3414               	retlw	20
   829  0997  3414               	retlw	20
   830  0998  3418               	retlw	24
   831  0999  347C               	retlw	124
   832  099A  347C               	retlw	124
   833  099B  3408               	retlw	8
   834  099C  3404               	retlw	4
   835  099D  3404               	retlw	4
   836  099E  3408               	retlw	8
   837  099F  3448               	retlw	72
   838  09A0  3454               	retlw	84
   839  09A1  3454               	retlw	84
   840  09A2  3454               	retlw	84
   841  09A3  3420               	retlw	32
   842  09A4  3404               	retlw	4
   843  09A5  343F               	retlw	63
   844  09A6  3444               	retlw	68
   845  09A7  3440               	retlw	64
   846  09A8  3420               	retlw	32
   847  09A9  343C               	retlw	60
   848  09AA  3440               	retlw	64
   849  09AB  3440               	retlw	64
   850  09AC  3420               	retlw	32
   851  09AD  347C               	retlw	124
   852  09AE  341C               	retlw	28
   853  09AF  3420               	retlw	32
   854  09B0  3440               	retlw	64
   855  09B1  3420               	retlw	32
   856  09B2  341C               	retlw	28
   857  09B3  343C               	retlw	60
   858  09B4  3440               	retlw	64
   859  09B5  3430               	retlw	48
   860  09B6  3440               	retlw	64
   861  09B7  343C               	retlw	60
   862  09B8  3444               	retlw	68
   863  09B9  3428               	retlw	40
   864  09BA  3410               	retlw	16
   865  09BB  3428               	retlw	40
   866  09BC  3444               	retlw	68
   867  09BD  340C               	retlw	12
   868  09BE  3450               	retlw	80
   869  09BF  3450               	retlw	80
   870  09C0  3450               	retlw	80
   871  09C1  343C               	retlw	60
   872  09C2  3444               	retlw	68
   873  09C3  3464               	retlw	100
   874  09C4  3454               	retlw	84
   875  09C5  344C               	retlw	76
   876  09C6  3444               	retlw	68
   877  09C7  3400               	retlw	0
   878  09C8  3408               	retlw	8
   879  09C9  3436               	retlw	54
   880  09CA  3441               	retlw	65
   881  09CB  3400               	retlw	0
   882  09CC  3400               	retlw	0
   883  09CD  3400               	retlw	0
   884  09CE  347F               	retlw	127
   885  09CF  3400               	retlw	0
   886  09D0  3400               	retlw	0
   887  09D1  3400               	retlw	0
   888  09D2  3441               	retlw	65
   889  09D3  3436               	retlw	54
   890  09D4  3408               	retlw	8
   891  09D5  3400               	retlw	0
   892  09D6  3410               	retlw	16
   893  09D7  3408               	retlw	8
   894  09D8  3408               	retlw	8
   895  09D9  3410               	retlw	16
   896  09DA  3408               	retlw	8
   897  09DB  3478               	retlw	120
   898  09DC  3446               	retlw	70
   899  09DD  3441               	retlw	65
   900  09DE  3446               	retlw	70
   901  09DF  3478               	retlw	120
   902  09E0                     __end_of_font:	
   903  0099                     _OSCCONbits	set	153
   904  009D                     _ADCON0	set	157
   905  008C                     _TRISAbits	set	140
   906  008E                     _TRISCbits	set	142
   907  008D                     _TRISBbits	set	141
   908  04C9                     _SCS1	set	1225
   909  0865                     _LATA5	set	2149
   910  086D                     _LATB5	set	2157
   911  0864                     _LATA4	set	2148
   912  018D                     _ANSELBbits	set	397
   913  018C                     _ANSELA	set	396
   914  0211                     _SSP1BUF	set	529
   915  0214                     _SSP1STATbits	set	532
   916  0215                     _SSP1CON1bits	set	533
   917                           
   918                           ; #config settings
   919  0000                     
   920                           	psect	cinit
   921  07FD                     start_initialization:	
   922  07FD                     __initialization:	
   923  07FD                     end_of_initialization:	
   924                           ;End of C runtime variable initialization code
   925                           
   926  07FD                     __end_of__initialization:	
   927  07FD  0020               	movlb	0
   928  07FE  3187  2F87         	ljmp	_main	;jump to C main() function
   929                           
   930                           	psect	cstackCOMMON
   931  0070                     __pcstackCOMMON:	
   932  0070                     ?_init_5510:	
   933  0070                     ?_fill_lcd:	
   934                           ; 1 bytes @ 0x0
   935                           
   936  0070                     ?_SPI_init_master:	
   937                           ; 1 bytes @ 0x0
   938                           
   939  0070                     ??_SPI_init_master:	
   940                           ; 1 bytes @ 0x0
   941                           
   942  0070                     ?_SPI_write_data:	
   943                           ; 1 bytes @ 0x0
   944                           
   945  0070                     ??_SPI_write_data:	
   946                           ; 1 bytes @ 0x0
   947                           
   948  0070                     ?_main:	
   949                           ; 1 bytes @ 0x0
   950                           
   951  0070                     ?_sendLCDcmd:	
   952                           ; 1 bytes @ 0x0
   953                           
   954  0070                     SPI_write_data@dat:	
   955                           ; 1 bytes @ 0x0
   956                           
   957                           
   958                           ; 1 bytes @ 0x0
   959  0070                     	ds	1
   960  0071                     ??_fill_lcd:	
   961  0071                     ??_sendLCDcmd:	
   962                           ; 1 bytes @ 0x1
   963                           
   964  0071                     sendLCDcmd@cmd:	
   965                           ; 1 bytes @ 0x1
   966                           
   967                           
   968                           ; 1 bytes @ 0x1
   969  0071                     	ds	1
   970  0072                     ??_init_5510:	
   971  0072                     ?_set_xy:	
   972                           ; 1 bytes @ 0x2
   973                           
   974  0072                     fill_lcd@wb:	
   975                           ; 1 bytes @ 0x2
   976                           
   977  0072                     set_xy@y:	
   978                           ; 1 bytes @ 0x2
   979                           
   980                           
   981                           ; 1 bytes @ 0x2
   982  0072                     	ds	1
   983  0073                     ??_set_xy:	
   984  0073                     set_xy@x:	
   985                           ; 1 bytes @ 0x3
   986                           
   987  0073                     fill_lcd@i:	
   988                           ; 1 bytes @ 0x3
   989                           
   990                           
   991                           ; 2 bytes @ 0x3
   992  0073                     	ds	2
   993  0075                     fill_lcd@j:	
   994                           
   995                           ; 2 bytes @ 0x5
   996  0075                     	ds	2
   997  0077                     ??_main:	
   998                           
   999                           ; 1 bytes @ 0x7
  1000  0077                     	ds	1
  1001                           
  1002                           	psect	maintext
  1003  0787                     __pmaintext:	
  1004 ;;
  1005 ;;Main: autosize = 0, tempsize = 1, incstack = 0, save=0
  1006 ;;
  1007 ;; *************** function _main *****************
  1008 ;; Defined at:
  1009 ;;		line 40 in file "lcd_display.c"
  1010 ;; Parameters:    Size  Location     Type
  1011 ;;		None
  1012 ;; Auto vars:     Size  Location     Type
  1013 ;;		None
  1014 ;; Return value:  Size  Location     Type
  1015 ;;                  1    wreg      void 
  1016 ;; Registers used:
  1017 ;;		wreg, status,2, status,0, pclath, cstack
  1018 ;; Tracked objects:
  1019 ;;		On entry : B1F/0
  1020 ;;		On exit  : 0/0
  1021 ;;		Unchanged: 0/0
  1022 ;; Data sizes:     COMMON   BANK0   BANK1   BANK2
  1023 ;;      Params:         0       0       0       0
  1024 ;;      Locals:         0       0       0       0
  1025 ;;      Temps:          1       0       0       0
  1026 ;;      Totals:         1       0       0       0
  1027 ;;Total ram usage:        1 bytes
  1028 ;; Hardware stack levels required when called:    3
  1029 ;; This function calls:
  1030 ;;		_SPI_init_master
  1031 ;;		_fill_lcd
  1032 ;;		_init_5510
  1033 ;;		_set_xy
  1034 ;; This function is called by:
  1035 ;;		Startup code after reset
  1036 ;; This function uses a non-reentrant model
  1037 ;;
  1038                           
  1039                           
  1040                           ;psect for function _main
  1041  0787                     _main:	
  1042                           
  1043                           ;lcd_display.c: 41:     OSCCONbits.IRCF=0x0;
  1044                           
  1045                           ;incstack = 0
  1046                           ; Regs used in _main: [wreg+status,2+status,0+pclath+cstack]
  1047  0787  3087               	movlw	-121
  1048  0788  0021               	movlb	1	; select bank1
  1049  0789  0599               	andwf	25,f	;volatile
  1050                           
  1051                           ;lcd_display.c: 42:     SCS1 = 1;
  1052  078A  1499               	bsf	25,1	;volatile
  1053                           
  1054                           ;lcd_display.c: 43:     ANSELBbits.ANSB5=0;
  1055  078B  0023               	movlb	3	; select bank3
  1056  078C  128D               	bcf	13,5	;volatile
  1057                           
  1058                           ;lcd_display.c: 44:     TRISBbits.TRISB5 = 0;
  1059  078D  0021               	movlb	1	; select bank1
  1060  078E  128D               	bcf	13,5	;volatile
  1061                           
  1062                           ;lcd_display.c: 45:     LATB5=1;
  1063  078F  0022               	movlb	2	; select bank2
  1064  0790  168D               	bsf	13,5	;volatile
  1065                           
  1066                           ;lcd_display.c: 48:     SPI_init_master();
  1067  0791  3187  2772  3187   	fcall	_SPI_init_master
  1068                           
  1069                           ;lcd_display.c: 49:     init_5510();
  1070  0794  3187  27AC  3187   	fcall	_init_5510
  1071                           
  1072                           ;lcd_display.c: 50:     set_xy(0,0);
  1073  0797  01F2               	clrf	set_xy@y
  1074  0798  3000               	movlw	0
  1075  0799  3187  275A  3187   	fcall	_set_xy
  1076  079C                     L1:	
  1077                           
  1078                           ;lcd_display.c: 51:     fill_lcd(0);
  1079  079C  3000               	movlw	0
  1080  079D  3187  27D3  3187   	fcall	_fill_lcd
  1081                           
  1082                           ;lcd_display.c: 55:         fill_lcd(0x0F);
  1083  07A0  300F               	movlw	15
  1084  07A1  3187  27D3  3187   	fcall	_fill_lcd
  1085                           
  1086                           ;lcd_display.c: 56:         _delay((unsigned long)((500)*(31000/4000.0)));
  1087  07A4  3006               	movlw	6
  1088  07A5  00F7               	movwf	??_main
  1089  07A6  3007               	movlw	7
  1090  07A7                     u47:	
  1091  07A7  0B89               	decfsz	9,f
  1092  07A8  2FA7               	goto	u47
  1093  07A9  0BF7               	decfsz	??_main,f
  1094  07AA  2FA7               	goto	u47
  1095  07AB  2F9C               	goto	L1
  1096  07AC                     __end_of_main:	
  1097                           ;lcd_display.c: 57:         fill_lcd(0x0);
  1098                           
  1099                           
  1100                           	psect	text1
  1101  075A                     __ptext1:	
  1102 ;; *************** function _set_xy *****************
  1103 ;; Defined at:
  1104 ;;		line 121 in file "lcd_display.c"
  1105 ;; Parameters:    Size  Location     Type
  1106 ;;  x               1    wreg     unsigned char 
  1107 ;;  y               1    2[COMMON] unsigned char 
  1108 ;; Auto vars:     Size  Location     Type
  1109 ;;  x               1    3[COMMON] unsigned char 
  1110 ;; Return value:  Size  Location     Type
  1111 ;;                  1    wreg      void 
  1112 ;; Registers used:
  1113 ;;		wreg, status,2, status,0, pclath, cstack
  1114 ;; Tracked objects:
  1115 ;;		On entry : 0/0
  1116 ;;		On exit  : 0/0
  1117 ;;		Unchanged: 0/0
  1118 ;; Data sizes:     COMMON   BANK0   BANK1   BANK2
  1119 ;;      Params:         1       0       0       0
  1120 ;;      Locals:         1       0       0       0
  1121 ;;      Temps:          0       0       0       0
  1122 ;;      Totals:         2       0       0       0
  1123 ;;Total ram usage:        2 bytes
  1124 ;; Hardware stack levels used:    1
  1125 ;; Hardware stack levels required when called:    2
  1126 ;; This function calls:
  1127 ;;		_sendLCDcmd
  1128 ;; This function is called by:
  1129 ;;		_main
  1130 ;; This function uses a non-reentrant model
  1131 ;;
  1132                           
  1133                           
  1134                           ;psect for function _set_xy
  1135  075A                     _set_xy:	
  1136                           
  1137                           ;incstack = 0
  1138                           ; Regs used in _set_xy: [wreg+status,2+status,0+pclath+cstack]
  1139                           ;set_xy@x stored from wreg
  1140  075A  00F3               	movwf	set_xy@x
  1141                           
  1142                           ;lcd_display.c: 121: void set_xy(char x, char y);lcd_display.c: 122: {;lcd_display.c: 12
      +                          3:     sendLCDcmd(x | 0x80);
  1143  075B  0873               	movf	set_xy@x,w
  1144  075C  3880               	iorlw	128
  1145  075D  3187  2753  3187   	fcall	_sendLCDcmd
  1146                           
  1147                           ;lcd_display.c: 124:     sendLCDcmd(y | 0x40);
  1148  0760  0872               	movf	set_xy@y,w
  1149  0761  3840               	iorlw	64
  1150  0762  3187  2753         	fcall	_sendLCDcmd
  1151  0764  0008               	return
  1152  0765                     __end_of_set_xy:	
  1153                           
  1154                           	psect	text2
  1155  07AC                     __ptext2:	
  1156 ;; *************** function _init_5510 *****************
  1157 ;; Defined at:
  1158 ;;		line 83 in file "lcd_display.c"
  1159 ;; Parameters:    Size  Location     Type
  1160 ;;		None
  1161 ;; Auto vars:     Size  Location     Type
  1162 ;;		None
  1163 ;; Return value:  Size  Location     Type
  1164 ;;                  1    wreg      void 
  1165 ;; Registers used:
  1166 ;;		wreg, status,2, status,0, pclath, cstack
  1167 ;; Tracked objects:
  1168 ;;		On entry : 0/0
  1169 ;;		On exit  : 0/0
  1170 ;;		Unchanged: 0/0
  1171 ;; Data sizes:     COMMON   BANK0   BANK1   BANK2
  1172 ;;      Params:         0       0       0       0
  1173 ;;      Locals:         0       0       0       0
  1174 ;;      Temps:          1       0       0       0
  1175 ;;      Totals:         1       0       0       0
  1176 ;;Total ram usage:        1 bytes
  1177 ;; Hardware stack levels used:    1
  1178 ;; Hardware stack levels required when called:    2
  1179 ;; This function calls:
  1180 ;;		_sendLCDcmd
  1181 ;; This function is called by:
  1182 ;;		_main
  1183 ;; This function uses a non-reentrant model
  1184 ;;
  1185                           
  1186                           
  1187                           ;psect for function _init_5510
  1188  07AC                     _init_5510:	
  1189                           
  1190                           ;lcd_display.c: 86:     _delay((unsigned long)((100)*(31000/4000.0)));
  1191                           
  1192                           ;incstack = 0
  1193                           ; Regs used in _init_5510: [wreg+status,2+status,0+pclath+cstack]
  1194  07AC  309B               	movlw	155
  1195  07AD                     u57:	
  1196  07AD  3200               	nop2
  1197  07AE  0B89               	decfsz	9,f
  1198  07AF  2FAD               	goto	u57
  1199                           
  1200                           ;lcd_display.c: 87:     LATB5 = 0;
  1201  07B0  0022               	movlb	2	; select bank2
  1202  07B1  128D               	bcf	13,5	;volatile
  1203                           
  1204                           ;lcd_display.c: 88:     _delay((unsigned long)((500)*(31000/4000.0)));
  1205  07B2  3006               	movlw	6
  1206  07B3  00F2               	movwf	??_init_5510
  1207  07B4  3007               	movlw	7
  1208  07B5                     u67:	
  1209  07B5  0B89               	decfsz	9,f
  1210  07B6  2FB5               	goto	u67
  1211  07B7  0BF2               	decfsz	??_init_5510,f
  1212  07B8  2FB5               	goto	u67
  1213                           
  1214                           ;lcd_display.c: 89:     LATB5 = 1;
  1215  07B9  0022               	movlb	2	; select bank2
  1216  07BA  168D               	bsf	13,5	;volatile
  1217                           
  1218                           ;lcd_display.c: 92:     sendLCDcmd(0x21);
  1219  07BB  3021               	movlw	33
  1220  07BC  3187  2753  3187   	fcall	_sendLCDcmd
  1221                           
  1222                           ;lcd_display.c: 93:     sendLCDcmd(0xC0);
  1223  07BF  30C0               	movlw	192
  1224  07C0  3187  2753  3187   	fcall	_sendLCDcmd
  1225                           
  1226                           ;lcd_display.c: 94:     sendLCDcmd(0x07);
  1227  07C3  3007               	movlw	7
  1228  07C4  3187  2753  3187   	fcall	_sendLCDcmd
  1229                           
  1230                           ;lcd_display.c: 95:     sendLCDcmd(0x13);
  1231  07C7  3013               	movlw	19
  1232  07C8  3187  2753  3187   	fcall	_sendLCDcmd
  1233                           
  1234                           ;lcd_display.c: 96:     sendLCDcmd(0x20);
  1235  07CB  3020               	movlw	32
  1236  07CC  3187  2753  3187   	fcall	_sendLCDcmd
  1237                           
  1238                           ;lcd_display.c: 97:     sendLCDcmd(0x0C);
  1239  07CF  300C               	movlw	12
  1240  07D0  3187  2753         	fcall	_sendLCDcmd
  1241  07D2  0008               	return
  1242  07D3                     __end_of_init_5510:	
  1243                           
  1244                           	psect	text3
  1245  0753                     __ptext3:	
  1246 ;; *************** function _sendLCDcmd *****************
  1247 ;; Defined at:
  1248 ;;		line 64 in file "lcd_display.c"
  1249 ;; Parameters:    Size  Location     Type
  1250 ;;  cmd             1    wreg     unsigned char 
  1251 ;; Auto vars:     Size  Location     Type
  1252 ;;  cmd             1    1[COMMON] unsigned char 
  1253 ;; Return value:  Size  Location     Type
  1254 ;;                  1    wreg      void 
  1255 ;; Registers used:
  1256 ;;		wreg, status,2, status,0, pclath, cstack
  1257 ;; Tracked objects:
  1258 ;;		On entry : 0/0
  1259 ;;		On exit  : 0/0
  1260 ;;		Unchanged: 0/0
  1261 ;; Data sizes:     COMMON   BANK0   BANK1   BANK2
  1262 ;;      Params:         0       0       0       0
  1263 ;;      Locals:         1       0       0       0
  1264 ;;      Temps:          0       0       0       0
  1265 ;;      Totals:         1       0       0       0
  1266 ;;Total ram usage:        1 bytes
  1267 ;; Hardware stack levels used:    1
  1268 ;; Hardware stack levels required when called:    1
  1269 ;; This function calls:
  1270 ;;		_SPI_write_data
  1271 ;; This function is called by:
  1272 ;;		_init_5510
  1273 ;;		_set_xy
  1274 ;;		_set_x
  1275 ;;		_set_y
  1276 ;; This function uses a non-reentrant model
  1277 ;;
  1278                           
  1279                           
  1280                           ;psect for function _sendLCDcmd
  1281  0753                     _sendLCDcmd:	
  1282                           
  1283                           ;incstack = 0
  1284                           ; Regs used in _sendLCDcmd: [wreg+status,2+status,0+pclath+cstack]
  1285                           ;sendLCDcmd@cmd stored from wreg
  1286  0753  00F1               	movwf	sendLCDcmd@cmd
  1287                           
  1288                           ;lcd_display.c: 64: void sendLCDcmd(char cmd);lcd_display.c: 65: {;lcd_display.c: 66:   
      +                            LATA5 = 0;
  1289  0754  0022               	movlb	2	; select bank2
  1290  0755  128C               	bcf	12,5	;volatile
  1291                           
  1292                           ;lcd_display.c: 67:     SPI_write_data(cmd);
  1293  0756  0871               	movf	sendLCDcmd@cmd,w
  1294  0757  3187  2765         	fcall	_SPI_write_data
  1295  0759  0008               	return
  1296  075A                     __end_of_sendLCDcmd:	
  1297                           
  1298                           	psect	text4
  1299  07D3                     __ptext4:	
  1300 ;; *************** function _fill_lcd *****************
  1301 ;; Defined at:
  1302 ;;		line 105 in file "lcd_display.c"
  1303 ;; Parameters:    Size  Location     Type
  1304 ;;  wb              1    wreg     unsigned char 
  1305 ;; Auto vars:     Size  Location     Type
  1306 ;;  wb              1    2[COMMON] unsigned char 
  1307 ;;  j               2    5[COMMON] int 
  1308 ;;  i               2    3[COMMON] int 
  1309 ;; Return value:  Size  Location     Type
  1310 ;;                  1    wreg      void 
  1311 ;; Registers used:
  1312 ;;		wreg, status,2, status,0, pclath, cstack
  1313 ;; Tracked objects:
  1314 ;;		On entry : 0/0
  1315 ;;		On exit  : 0/0
  1316 ;;		Unchanged: 0/0
  1317 ;; Data sizes:     COMMON   BANK0   BANK1   BANK2
  1318 ;;      Params:         0       0       0       0
  1319 ;;      Locals:         5       0       0       0
  1320 ;;      Temps:          1       0       0       0
  1321 ;;      Totals:         6       0       0       0
  1322 ;;Total ram usage:        6 bytes
  1323 ;; Hardware stack levels used:    1
  1324 ;; Hardware stack levels required when called:    1
  1325 ;; This function calls:
  1326 ;;		_SPI_write_data
  1327 ;; This function is called by:
  1328 ;;		_main
  1329 ;; This function uses a non-reentrant model
  1330 ;;
  1331                           
  1332                           
  1333                           ;psect for function _fill_lcd
  1334  07D3                     _fill_lcd:	
  1335                           
  1336                           ;incstack = 0
  1337                           ; Regs used in _fill_lcd: [wreg+status,2+status,0+pclath+cstack]
  1338                           ;fill_lcd@wb stored from wreg
  1339  07D3  00F2               	movwf	fill_lcd@wb
  1340                           
  1341                           ;lcd_display.c: 105: void fill_lcd(char wb);lcd_display.c: 106: {;lcd_display.c: 107:   
      +                            int i, j;;lcd_display.c: 108:     LATA5 = 1;
  1342  07D4  0022               	movlb	2	; select bank2
  1343  07D5  168C               	bsf	12,5	;volatile
  1344                           
  1345                           ;lcd_display.c: 109:     for(i=0; i<6; i++)
  1346  07D6  01F3               	clrf	fill_lcd@i
  1347  07D7  01F4               	clrf	fill_lcd@i+1
  1348  07D8                     l681:	
  1349                           
  1350                           ;lcd_display.c: 110:     {;lcd_display.c: 111:         for(j=0; j<84; j++)
  1351  07D8  01F5               	clrf	fill_lcd@j
  1352  07D9  01F6               	clrf	fill_lcd@j+1
  1353  07DA                     l687:	
  1354                           
  1355                           ;lcd_display.c: 112:         {;lcd_display.c: 113:             SPI_write_data(wb);
  1356  07DA  0872               	movf	fill_lcd@wb,w
  1357  07DB  3187  2765  3187   	fcall	_SPI_write_data
  1358                           
  1359                           ;lcd_display.c: 114:         }
  1360  07DE  3001               	movlw	1
  1361  07DF  07F5               	addwf	fill_lcd@j,f
  1362  07E0  3000               	movlw	0
  1363  07E1  3DF6               	addwfc	fill_lcd@j+1,f
  1364  07E2  0876               	movf	fill_lcd@j+1,w
  1365  07E3  3A80               	xorlw	128
  1366  07E4  00F1               	movwf	??_fill_lcd
  1367  07E5  3080               	movlw	128
  1368  07E6  0271               	subwf	??_fill_lcd,w
  1369  07E7  1D03               	skipz
  1370  07E8  2FEB               	goto	u15
  1371  07E9  3054               	movlw	84
  1372  07EA  0275               	subwf	fill_lcd@j,w
  1373  07EB                     u15:	
  1374  07EB  1C03               	skipc
  1375  07EC  2FDA               	goto	l687
  1376                           
  1377                           ;lcd_display.c: 115:     }
  1378  07ED  3001               	movlw	1
  1379  07EE  07F3               	addwf	fill_lcd@i,f
  1380  07EF  3000               	movlw	0
  1381  07F0  3DF4               	addwfc	fill_lcd@i+1,f
  1382  07F1  0874               	movf	fill_lcd@i+1,w
  1383  07F2  3A80               	xorlw	128
  1384  07F3  00F1               	movwf	??_fill_lcd
  1385  07F4  3080               	movlw	128
  1386  07F5  0271               	subwf	??_fill_lcd,w
  1387  07F6  1D03               	skipz
  1388  07F7  2FFA               	goto	u25
  1389  07F8  3006               	movlw	6
  1390  07F9  0273               	subwf	fill_lcd@i,w
  1391  07FA                     u25:	
  1392  07FA  1803               	btfsc	3,0
  1393  07FB  0008               	return
  1394  07FC  2FD8               	goto	l681
  1395  07FD                     __end_of_fill_lcd:	
  1396                           
  1397                           	psect	text5
  1398  0765                     __ptext5:	
  1399 ;; *************** function _SPI_write_data *****************
  1400 ;; Defined at:
  1401 ;;		line 48 in file "SPI_comms.c"
  1402 ;; Parameters:    Size  Location     Type
  1403 ;;  dat             1    wreg     unsigned char 
  1404 ;; Auto vars:     Size  Location     Type
  1405 ;;  dat             1    0[COMMON] unsigned char 
  1406 ;; Return value:  Size  Location     Type
  1407 ;;                  1    wreg      void 
  1408 ;; Registers used:
  1409 ;;		wreg
  1410 ;; Tracked objects:
  1411 ;;		On entry : 0/0
  1412 ;;		On exit  : 0/0
  1413 ;;		Unchanged: 0/0
  1414 ;; Data sizes:     COMMON   BANK0   BANK1   BANK2
  1415 ;;      Params:         0       0       0       0
  1416 ;;      Locals:         1       0       0       0
  1417 ;;      Temps:          0       0       0       0
  1418 ;;      Totals:         1       0       0       0
  1419 ;;Total ram usage:        1 bytes
  1420 ;; Hardware stack levels used:    1
  1421 ;; This function calls:
  1422 ;;		Nothing
  1423 ;; This function is called by:
  1424 ;;		_sendLCDcmd
  1425 ;;		_fill_lcd
  1426 ;; This function uses a non-reentrant model
  1427 ;;
  1428                           
  1429                           
  1430                           ;psect for function _SPI_write_data
  1431  0765                     _SPI_write_data:	
  1432                           
  1433                           ;incstack = 0
  1434                           ; Regs used in _SPI_write_data: [wreg]
  1435                           ;SPI_write_data@dat stored from wreg
  1436  0765  00F0               	movwf	SPI_write_data@dat
  1437                           
  1438                           ;SPI_comms.c: 48: void SPI_write_data(unsigned char dat);SPI_comms.c: 49: {;SPI_comms.c:
      +                           50:     LATA4 = 0;
  1439  0766  0022               	movlb	2	; select bank2
  1440  0767  120C               	bcf	12,4	;volatile
  1441                           
  1442                           ;SPI_comms.c: 51:     SSP1BUF = dat;
  1443  0768  0870               	movf	SPI_write_data@dat,w
  1444  0769  0024               	movlb	4	; select bank4
  1445  076A  0091               	movwf	17	;volatile
  1446                           
  1447                           ;SPI_comms.c: 52:     _delay((unsigned long)((1)*(31000/4000.0)));
  1448  076B  3200               	nop2	;2 cycle nop
  1449  076C  3200               	nop2	;2 cycle nop
  1450  076D  3200               	nop2	;2 cycle nop
  1451  076E  0000               	nop
  1452                           
  1453                           ;SPI_comms.c: 53:     LATA4 = 1;
  1454  076F  0022               	movlb	2	; select bank2
  1455  0770  160C               	bsf	12,4	;volatile
  1456  0771  0008               	return
  1457  0772                     __end_of_SPI_write_data:	
  1458                           
  1459                           	psect	text6
  1460  0772                     __ptext6:	
  1461 ;; *************** function _SPI_init_master *****************
  1462 ;; Defined at:
  1463 ;;		line 21 in file "SPI_comms.c"
  1464 ;; Parameters:    Size  Location     Type
  1465 ;;		None
  1466 ;; Auto vars:     Size  Location     Type
  1467 ;;		None
  1468 ;; Return value:  Size  Location     Type
  1469 ;;                  1    wreg      void 
  1470 ;; Registers used:
  1471 ;;		wreg, status,2, status,0
  1472 ;; Tracked objects:
  1473 ;;		On entry : 0/0
  1474 ;;		On exit  : 0/0
  1475 ;;		Unchanged: 0/0
  1476 ;; Data sizes:     COMMON   BANK0   BANK1   BANK2
  1477 ;;      Params:         0       0       0       0
  1478 ;;      Locals:         0       0       0       0
  1479 ;;      Temps:          0       0       0       0
  1480 ;;      Totals:         0       0       0       0
  1481 ;;Total ram usage:        0 bytes
  1482 ;; Hardware stack levels used:    1
  1483 ;; This function calls:
  1484 ;;		Nothing
  1485 ;; This function is called by:
  1486 ;;		_main
  1487 ;; This function uses a non-reentrant model
  1488 ;;
  1489                           
  1490                           
  1491                           ;psect for function _SPI_init_master
  1492  0772                     _SPI_init_master:	
  1493                           
  1494                           ;SPI_comms.c: 24:     SSP1CON1bits.SSPEN = 1;
  1495                           
  1496                           ;incstack = 0
  1497                           ; Regs used in _SPI_init_master: [wreg+status,2+status,0]
  1498  0772  0024               	movlb	4	; select bank4
  1499  0773  1695               	bsf	21,5	;volatile
  1500                           
  1501                           ;SPI_comms.c: 25:     SSP1CON1bits.SSPM = 0x0;
  1502  0774  30F0               	movlw	-16
  1503  0775  0595               	andwf	21,f	;volatile
  1504                           
  1505                           ;SPI_comms.c: 26:     SSP1CON1bits.CKP = 0;
  1506  0776  1215               	bcf	21,4	;volatile
  1507                           
  1508                           ;SPI_comms.c: 27:     SSP1STATbits.SMP = 1;
  1509  0777  1794               	bsf	20,7	;volatile
  1510                           
  1511                           ;SPI_comms.c: 28:     SSP1STATbits.CKE = 0;
  1512  0778  1314               	bcf	20,6	;volatile
  1513                           
  1514                           ;SPI_comms.c: 31:     TRISBbits.TRISB4 = 1;
  1515  0779  0021               	movlb	1	; select bank1
  1516  077A  160D               	bsf	13,4	;volatile
  1517                           
  1518                           ;SPI_comms.c: 32:     TRISCbits.TRISC7 = 0;
  1519  077B  138E               	bcf	14,7	;volatile
  1520                           
  1521                           ;SPI_comms.c: 33:     TRISBbits.TRISB6 = 0;
  1522  077C  130D               	bcf	13,6	;volatile
  1523                           
  1524                           ;SPI_comms.c: 34:     TRISAbits.TRISA3 = 0;
  1525  077D  118C               	bcf	12,3	;volatile
  1526                           
  1527                           ;SPI_comms.c: 37:     LATA4=1;
  1528  077E  0022               	movlb	2	; select bank2
  1529  077F  160C               	bsf	12,4	;volatile
  1530                           
  1531                           ;SPI_comms.c: 38:     ANSELA = 0;
  1532  0780  0023               	movlb	3	; select bank3
  1533  0781  018C               	clrf	12	;volatile
  1534                           
  1535                           ;SPI_comms.c: 39:     TRISAbits.TRISA4 = 0;
  1536  0782  0021               	movlb	1	; select bank1
  1537  0783  120C               	bcf	12,4	;volatile
  1538                           
  1539                           ;SPI_comms.c: 40:     TRISAbits.TRISA5 = 0;
  1540  0784  128C               	bcf	12,5	;volatile
  1541                           
  1542                           ;SPI_comms.c: 43:     ADCON0 = 0;
  1543  0785  019D               	clrf	29	;volatile
  1544  0786  0008               	return
  1545  0787                     __end_of_SPI_init_master:	
  1546  007E                     btemp	set	126	;btemp
  1547  007E                     wtemp0	set	126


Data Sizes:
    Strings     0
    Constant    480
    Data        0
    BSS         0
    Persistent  32
    Stack       0

Auto Spaces:
    Space          Size  Autos    Used
    COMMON           14      8       8
    BANK0            80      0       0
    BANK1            80      0       0
    BANK2            80      0       0

Pointer List with Targets:

    None.

Critical Paths under _main in COMMON

    _main->_fill_lcd
    _set_xy->_sendLCDcmd
    _init_5510->_sendLCDcmd
    _sendLCDcmd->_SPI_write_data
    _fill_lcd->_SPI_write_data

Critical Paths under _main in BANK0

    None.

Critical Paths under _main in BANK1

    None.

Critical Paths under _main in BANK2

    None.

Call Graph Tables:

 ---------------------------------------------------------------------------------
 (Depth) Function   	        Calls       Base Space   Used Autos Params    Refs
 ---------------------------------------------------------------------------------
 (0) _main                                                 1     1      0     270
                                              7 COMMON     1     1      0
                    _SPI_init_master
                           _fill_lcd
                          _init_5510
                             _set_xy
 ---------------------------------------------------------------------------------
 (1) _set_xy                                               2     1      1     150
                                              2 COMMON     2     1      1
                         _sendLCDcmd
 ---------------------------------------------------------------------------------
 (1) _init_5510                                            1     1      0      30
                                              2 COMMON     1     1      0
                         _sendLCDcmd
 ---------------------------------------------------------------------------------
 (2) _sendLCDcmd                                           1     1      0      30
                                              1 COMMON     1     1      0
                     _SPI_write_data
 ---------------------------------------------------------------------------------
 (1) _fill_lcd                                             6     6      0      90
                                              1 COMMON     6     6      0
                     _SPI_write_data
 ---------------------------------------------------------------------------------
 (3) _SPI_write_data                                       1     1      0      15
                                              0 COMMON     1     1      0
 ---------------------------------------------------------------------------------
 (1) _SPI_init_master                                      0     0      0       0
 ---------------------------------------------------------------------------------
 Estimated maximum stack depth 3
 ---------------------------------------------------------------------------------

 Call Graph Graphs:

 _main (ROOT)
   _SPI_init_master
   _fill_lcd
     _SPI_write_data
   _init_5510
     _sendLCDcmd
       _SPI_write_data
   _set_xy
     _sendLCDcmd
       _SPI_write_data

 Address spaces:
Name               Size   Autos  Total    Cost      Usage
BIGRAM              F0      0       0       0        0.0%
NULL                 0      0       0       0        0.0%
CODE                 0      0       0       0        0.0%
BITCOMMON            E      0       0       1        0.0%
BITSFR0              0      0       0       1        0.0%
SFR0                 0      0       0       1        0.0%
COMMON               E      8       8       2       57.1%
BITSFR1              0      0       0       2        0.0%
SFR1                 0      0       0       2        0.0%
BITSFR2              0      0       0       3        0.0%
SFR2                 0      0       0       3        0.0%
STACK                0      0       0       3        0.0%
BITSFR3              0      0       0       4        0.0%
SFR3                 0      0       0       4        0.0%
ABS                  0      0       0       4        0.0%
BITBANK0            50      0       0       5        0.0%
BITSFR4              0      0       0       5        0.0%
SFR4                 0      0       0       5        0.0%
BANK0               50      0       0       6        0.0%
BITSFR5              0      0       0       6        0.0%
SFR5                 0      0       0       6        0.0%
BITBANK1            50      0       0       7        0.0%
BITSFR6              0      0       0       7        0.0%
SFR6                 0      0       0       7        0.0%
BANK1               50      0       0       8        0.0%
BITSFR7              0      0       0       8        0.0%
SFR7                 0      0       0       8        0.0%
BITBANK2            50      0       0       9        0.0%
BITSFR8              0      0       0       9        0.0%
SFR8                 0      0       0       9        0.0%
BANK2               50      0       0      10        0.0%
BITSFR9              0      0       0      10        0.0%
SFR9                 0      0       0      10        0.0%
BITSFR10             0      0       0      11        0.0%
SFR10                0      0       0      11        0.0%
DATA                 0      0       0      11        0.0%
BITSFR11             0      0       0      12        0.0%
SFR11                0      0       0      12        0.0%
BITSFR12             0      0       0      13        0.0%
SFR12                0      0       0      13        0.0%
BITSFR13             0      0       0      14        0.0%
SFR13                0      0       0      14        0.0%
BITSFR14             0      0       0      15        0.0%
SFR14                0      0       0      15        0.0%
BITSFR15             0      0       0      16        0.0%
SFR15                0      0       0      16        0.0%
BITSFR16             0      0       0      17        0.0%
SFR16                0      0       0      17        0.0%
BITSFR17             0      0       0      18        0.0%
SFR17                0      0       0      18        0.0%
BITSFR18             0      0       0      19        0.0%
SFR18                0      0       0      19        0.0%
BITSFR19             0      0       0      20        0.0%
SFR19                0      0       0      20        0.0%
BITSFR20             0      0       0      21        0.0%
SFR20                0      0       0      21        0.0%
BITSFR21             0      0       0      22        0.0%
SFR21                0      0       0      22        0.0%
BITSFR22             0      0       0      23        0.0%
SFR22                0      0       0      23        0.0%
BITSFR23             0      0       0      24        0.0%
SFR23                0      0       0      24        0.0%
BITSFR24             0      0       0      25        0.0%
SFR24                0      0       0      25        0.0%
BITSFR25             0      0       0      26        0.0%
SFR25                0      0       0      26        0.0%
BITSFR26             0      0       0      27        0.0%
SFR26                0      0       0      27        0.0%
BITSFR27             0      0       0      28        0.0%
SFR27                0      0       0      28        0.0%
BITSFR28             0      0       0      29        0.0%
SFR28                0      0       0      29        0.0%
BITSFR29             0      0       0      30        0.0%
SFR29                0      0       0      30        0.0%
BITSFR30             0      0       0      31        0.0%
SFR30                0      0       0      31        0.0%
BITSFR31             0      0       0      32        0.0%
SFR31                0      0       0      32        0.0%


Microchip Technology PIC Macro Assembler V2.05 build -831301201 
Symbol Table                                                                                   Tue Feb 19 20:43:31 2019

             __CFG_CP$OFF 0000                        u15 07EB                        u25 07FA  
                      u47 07A7                        u57 07AD                        u67 07B5  
             __CFG_LVP$ON 0000                       l681 07D8                       l687 07DA  
            __CFG_BORV$LO 0000                       wreg 0009              __CFG_IESO$ON 0000  
                    _SCS1 04C9              __CFG_WRT$OFF 0000             __CFG_FCMEN$ON 0000  
                    _main 0787                      _font 0800                      btemp 007E  
           __CFG_BOREN$ON 0000                      start 0002             __CFG_MCLRE$ON 0000  
                   ?_main 0070             __CFG_WDTE$OFF 0000                     _LATA4 0864  
                   _LATA5 0865                     _LATB5 086D             sendLCDcmd@cmd 0071  
                   wtemp0 007E           __initialization 07FD              __end_of_main 07AC  
            __end_of_font 09E0            __CFG_LPBOR$OFF 0000  __size_of_SPI_init_master 0015  
                  ??_main 0077                    _ADCON0 009D                    _ANSELA 018C  
          __CFG_PWRTE$OFF 0000          __end_of_fill_lcd 07FD            __CFG_STVREN$ON 0000  
 __size_of_SPI_write_data 000D                    _set_xy 075A   __end_of__initialization 07FD  
          __pcstackCOMMON 0070         ??_SPI_init_master 0070        __size_of_init_5510 0027  
              __pmaintext 0787                   ?_set_xy 0072                   _SSP1BUF 0211  
               ?_fill_lcd 0070            _SPI_write_data 0765         __end_of_init_5510 07D3  
                 __ptext1 075A                   __ptext2 07AC                   __ptext3 0753  
                 __ptext4 07D3                   __ptext5 0765                   __ptext6 0772  
         __size_of_set_xy 000B                _sendLCDcmd 0753                ??_fill_lcd 0071  
    end_of_initialization 07FD    __end_of_SPI_write_data 0772                   set_xy@x 0073  
                 set_xy@y 0072          __CFG_FOSC$INTOSC 0000                 _TRISAbits 008C  
               _TRISBbits 008D                 _TRISCbits 008E                fill_lcd@wb 0072  
         ?_SPI_write_data 0070           _SPI_init_master 0772            __end_of_set_xy 0765  
             ?_sendLCDcmd 0070       start_initialization 07FD                  ??_set_xy 0073  
               ___latbits 0001         __size_of_fill_lcd 002A   __end_of_SPI_init_master 0787  
     __size_of_sendLCDcmd 0007                 _init_5510 07AC                 fill_lcd@i 0073  
               fill_lcd@j 0075                ?_init_5510 0070          ??_SPI_write_data 0070  
        ?_SPI_init_master 0070         SPI_write_data@dat 0070                _ANSELBbits 018D  
            ??_sendLCDcmd 0071              _SSP1CON1bits 0215                  _fill_lcd 07D3  
           __size_of_main 0025        __end_of_sendLCDcmd 075A              _SSP1STATbits 0214  
             ??_init_5510 0072         __CFG_CLKOUTEN$OFF 0000                _OSCCONbits 0099  
           __pstringtext1 0800  
